2024/05/04 17:44:18 DEBUG udon-logger JavaFX Application Thread - APPLICATION START.
2024/05/04 17:44:18 DEBUG udon-logger JavaFX Application Thread - MBean Register.
2024/05/04 17:44:19 DEBUG udon-logger JavaFX Application Thread - WINDOW SHOW.
2024/05/04 17:44:21 DEBUG udon-logger JavaFX Application Thread - game started.
2024/05/04 17:44:23 DEBUG udon-logger JavaFX Application Thread - loading exit.
2024/05/04 17:44:23 DEBUG udon-logger JavaFX Application Thread - game started.
2024/05/04 17:44:26 DEBUG udon-logger JavaFX Application Thread - move:east
2024/05/04 17:44:26 DEBUG udon-logger JavaFX Application Thread - move:east
2024/05/04 17:44:26 DEBUG udon-logger JavaFX Application Thread - move:east
2024/05/04 17:44:26 DEBUG udon-logger JavaFX Application Thread - move:east
2024/05/04 17:44:26 DEBUG udon-logger JavaFX Application Thread - move:east
2024/05/04 17:44:26 DEBUG udon-logger JavaFX Application Thread - move:east
2024/05/04 17:44:26 DEBUG udon-logger JavaFX Application Thread - move:east
2024/05/04 17:44:26 DEBUG udon-logger JavaFX Application Thread - move:east
2024/05/04 17:44:26 DEBUG udon-logger JavaFX Application Thread - move:east
2024/05/04 17:44:27 DEBUG udon-logger JavaFX Application Thread - move:east
2024/05/04 17:44:27 DEBUG udon-logger JavaFX Application Thread - move:east
2024/05/04 17:44:27 DEBUG udon-logger JavaFX Application Thread - move:east
2024/05/04 17:44:27 DEBUG udon-logger JavaFX Application Thread - move:east
2024/05/04 17:44:27 DEBUG udon-logger JavaFX Application Thread - move:east
2024/05/04 17:44:27 DEBUG udon-logger JavaFX Application Thread - move:east
2024/05/04 17:44:27 DEBUG udon-logger JavaFX Application Thread - move:east
2024/05/04 17:44:27 DEBUG udon-logger JavaFX Application Thread - move:east
2024/05/04 17:44:27 DEBUG udon-logger JavaFX Application Thread - move:east
2024/05/04 17:44:27 DEBUG udon-logger JavaFX Application Thread - move:east
2024/05/04 17:44:27 DEBUG udon-logger JavaFX Application Thread - move:east
2024/05/04 17:44:27 DEBUG udon-logger JavaFX Application Thread - move:east
2024/05/04 17:44:27 DEBUG udon-logger JavaFX Application Thread - move:east
2024/05/04 17:44:27 DEBUG udon-logger JavaFX Application Thread - move:east
2024/05/04 17:44:27 DEBUG udon-logger JavaFX Application Thread - move:east
2024/05/04 17:44:27 DEBUG udon-logger JavaFX Application Thread - move:east
2024/05/04 17:44:27 DEBUG udon-logger JavaFX Application Thread - move:east
2024/05/04 17:44:27 DEBUG udon-logger JavaFX Application Thread - move:west
2024/05/04 17:44:27 DEBUG udon-logger JavaFX Application Thread - move:west
2024/05/04 17:44:27 DEBUG udon-logger JavaFX Application Thread - move:west
2024/05/04 17:44:27 DEBUG udon-logger JavaFX Application Thread - move:west
2024/05/04 17:44:27 DEBUG udon-logger JavaFX Application Thread - move:west
2024/05/04 17:44:27 DEBUG udon-logger JavaFX Application Thread - move:west
2024/05/04 17:44:27 DEBUG udon-logger JavaFX Application Thread - move:west
2024/05/04 17:44:27 DEBUG udon-logger JavaFX Application Thread - move:west
2024/05/04 17:44:27 DEBUG udon-logger JavaFX Application Thread - move:west
2024/05/04 17:44:27 DEBUG udon-logger JavaFX Application Thread - move:west
2024/05/04 17:44:27 DEBUG udon-logger JavaFX Application Thread - move:west
2024/05/04 17:44:27 DEBUG udon-logger JavaFX Application Thread - move:west
2024/05/04 17:44:27 DEBUG udon-logger JavaFX Application Thread - move:west
2024/05/04 17:44:27 DEBUG udon-logger JavaFX Application Thread - move:west
2024/05/04 17:44:27 DEBUG udon-logger JavaFX Application Thread - move:west
2024/05/04 17:44:27 DEBUG udon-logger JavaFX Application Thread - move:west
2024/05/04 17:44:27 DEBUG udon-logger JavaFX Application Thread - move:west
2024/05/04 17:44:27 DEBUG udon-logger JavaFX Application Thread - move:west
2024/05/04 17:44:27 DEBUG udon-logger JavaFX Application Thread - move:west
2024/05/04 17:44:27 DEBUG udon-logger JavaFX Application Thread - move:west
2024/05/04 17:44:27 DEBUG udon-logger JavaFX Application Thread - move:west
2024/05/04 17:44:27 DEBUG udon-logger JavaFX Application Thread - move:west
2024/05/04 17:44:27 DEBUG udon-logger JavaFX Application Thread - move:west
2024/05/04 17:44:27 DEBUG udon-logger JavaFX Application Thread - move:west
2024/05/04 17:44:28 DEBUG udon-logger JavaFX Application Thread - move:west
2024/05/04 17:44:28 DEBUG udon-logger JavaFX Application Thread - move:west
2024/05/04 17:44:28 DEBUG udon-logger JavaFX Application Thread - move:west
2024/05/04 17:44:28 DEBUG udon-logger JavaFX Application Thread - move:west
2024/05/04 17:44:28 DEBUG udon-logger JavaFX Application Thread - move:west
2024/05/04 17:44:28 DEBUG udon-logger JavaFX Application Thread - move:west
2024/05/04 17:44:28 DEBUG udon-logger JavaFX Application Thread - move:west
2024/05/04 17:44:28 DEBUG udon-logger JavaFX Application Thread - move:west
2024/05/04 17:44:28 DEBUG udon-logger JavaFX Application Thread - inventory showed.
2024/05/04 17:44:37 DEBUG udon-logger JavaFX Application Thread - APPLICATION EXIT.
