2024/06/01 14:06:17 DEBUG udon-logger JavaFX Application Thread - APPLICATION START.
2024/06/01 14:06:17 DEBUG udon-logger JavaFX Application Thread - MBean Register.
2024/06/01 14:06:19 DEBUG udon-logger JavaFX Application Thread - WINDOW SHOW.
2024/06/01 14:06:20 DEBUG udon-logger JavaFX Application Thread - game started.
2024/06/01 14:06:23 DEBUG udon-logger JavaFX Application Thread - loading exit.
2024/06/01 14:06:23 DEBUG udon-logger JavaFX Application Thread - game started.
2024/06/01 14:06:26 DEBUG udon-logger JavaFX Application Thread - move:east
2024/06/01 14:06:26 DEBUG udon-logger JavaFX Application Thread - move:east
2024/06/01 14:06:26 DEBUG udon-logger JavaFX Application Thread - move:east
2024/06/01 14:06:26 DEBUG udon-logger JavaFX Application Thread - move:east
2024/06/01 14:06:26 DEBUG udon-logger JavaFX Application Thread - move:east
2024/06/01 14:06:26 DEBUG udon-logger JavaFX Application Thread - move:east
2024/06/01 14:06:26 DEBUG udon-logger JavaFX Application Thread - move:east
2024/06/01 14:06:26 DEBUG udon-logger JavaFX Application Thread - move:east
2024/06/01 14:06:26 DEBUG udon-logger JavaFX Application Thread - move:east
2024/06/01 14:06:26 DEBUG udon-logger JavaFX Application Thread - move:east
2024/06/01 14:06:26 DEBUG udon-logger JavaFX Application Thread - move:east
2024/06/01 14:06:26 DEBUG udon-logger JavaFX Application Thread - move:east
2024/06/01 14:06:26 DEBUG udon-logger JavaFX Application Thread - move:east
2024/06/01 14:06:26 DEBUG udon-logger JavaFX Application Thread - move:east
2024/06/01 14:06:27 DEBUG udon-logger JavaFX Application Thread - move:east
2024/06/01 14:06:27 DEBUG udon-logger JavaFX Application Thread - move:east
2024/06/01 14:06:27 DEBUG udon-logger JavaFX Application Thread - move:east
2024/06/01 14:06:27 DEBUG udon-logger JavaFX Application Thread - move:east
2024/06/01 14:06:27 DEBUG udon-logger JavaFX Application Thread - move:east
2024/06/01 14:06:27 DEBUG udon-logger JavaFX Application Thread - move:east
2024/06/01 14:06:27 DEBUG udon-logger JavaFX Application Thread - move:east
2024/06/01 14:06:27 DEBUG udon-logger JavaFX Application Thread - move:east
2024/06/01 14:06:27 DEBUG udon-logger JavaFX Application Thread - move:east
2024/06/01 14:06:27 DEBUG udon-logger JavaFX Application Thread - move:east
2024/06/01 14:06:27 DEBUG udon-logger JavaFX Application Thread - move:east
2024/06/01 14:06:27 DEBUG udon-logger JavaFX Application Thread - move:east
2024/06/01 14:06:27 DEBUG udon-logger JavaFX Application Thread - move:east
2024/06/01 14:06:27 DEBUG udon-logger JavaFX Application Thread - move:east
2024/06/01 14:06:27 DEBUG udon-logger JavaFX Application Thread - move:east
2024/06/01 14:06:27 DEBUG udon-logger JavaFX Application Thread - move:east
2024/06/01 14:06:27 DEBUG udon-logger JavaFX Application Thread - move:east
2024/06/01 14:06:27 DEBUG udon-logger JavaFX Application Thread - move:east
2024/06/01 14:06:27 DEBUG udon-logger JavaFX Application Thread - move:east
2024/06/01 14:06:27 DEBUG udon-logger JavaFX Application Thread - move:east
2024/06/01 14:06:27 DEBUG udon-logger JavaFX Application Thread - move:east
2024/06/01 14:06:27 DEBUG udon-logger JavaFX Application Thread - move:east
2024/06/01 14:06:27 DEBUG udon-logger JavaFX Application Thread - move:east
2024/06/01 14:06:27 DEBUG udon-logger JavaFX Application Thread - move:east
2024/06/01 14:06:27 DEBUG udon-logger JavaFX Application Thread - move:east
2024/06/01 14:06:27 DEBUG udon-logger JavaFX Application Thread - move:east
2024/06/01 14:06:27 DEBUG udon-logger JavaFX Application Thread - move:east
2024/06/01 14:06:27 DEBUG udon-logger JavaFX Application Thread - move:east
2024/06/01 14:06:27 DEBUG udon-logger JavaFX Application Thread - move:east
2024/06/01 14:06:27 DEBUG udon-logger JavaFX Application Thread - move:east
2024/06/01 14:06:27 DEBUG udon-logger JavaFX Application Thread - move:east
2024/06/01 14:06:27 DEBUG udon-logger JavaFX Application Thread - move:east
2024/06/01 14:06:27 DEBUG udon-logger JavaFX Application Thread - move:east
2024/06/01 14:06:27 DEBUG udon-logger JavaFX Application Thread - move:east
2024/06/01 14:06:27 DEBUG udon-logger JavaFX Application Thread - move:east
2024/06/01 14:06:27 DEBUG udon-logger JavaFX Application Thread - move:east
2024/06/01 14:06:27 DEBUG udon-logger JavaFX Application Thread - move:east
2024/06/01 14:06:27 DEBUG udon-logger JavaFX Application Thread - move:east
2024/06/01 14:06:27 DEBUG udon-logger JavaFX Application Thread - move:east
2024/06/01 14:06:27 DEBUG udon-logger JavaFX Application Thread - move:east
2024/06/01 14:06:27 DEBUG udon-logger JavaFX Application Thread - move:east
2024/06/01 14:06:27 DEBUG udon-logger JavaFX Application Thread - move:east
2024/06/01 14:06:27 DEBUG udon-logger JavaFX Application Thread - move:east
2024/06/01 14:06:27 DEBUG udon-logger JavaFX Application Thread - move:east
2024/06/01 14:06:27 DEBUG udon-logger JavaFX Application Thread - move:east
2024/06/01 14:06:27 DEBUG udon-logger JavaFX Application Thread - move:east
2024/06/01 14:06:29 DEBUG udon-logger JavaFX Application Thread - APPLICATION EXIT.
